Terminal log file
Date: 7/24/2011 - 1:49:09 PM
-----------------------------------------------
T1M6
tinyg GCODE[mm] ok> 
tinyg GCODE[mm] ok> G17
tinyg GCODE[mm] ok> 
tinyg GCODE[mm] ok> G21 (mm)
tinyg GCODE[mm] ok> 
tinyg GCODE[mm] ok> (S8000)
tinyg GCODE[mm]ok> 
tinyg GCODE[mm] ok> (M3)
tinyg GCODE[mm] ok> 
tinyg GCODE[mm] ok> G92X0.327Y-33.521Z-1.000
tinyg GCODE[mm] ok> 
tinyg GCODE[mm] ok> G0Z6.000
tinyg GCODE[mm] ok> 
tinyg GCODE[mm] ok> F240.0
tinyg GCODE[mm] ok> 
tinyg GCODE[mm] ok> G1Z-1.000
tinyg GCODE[mm] ok> 
tinyg GCODE[mm] ok> G1X0.327Y-33.521
tinyg GCODE[mm] ok> 
tinyg GCODE[mm] ok> X0.654Y-33.526
tinyg GCODE[mm] ok> 
tinyg GCODE[mm] ok> X0.980Y-33.534
tinyg GCODE[mm] ok> 
tinyg GCODE[mm] ok> X1.304Y-33.546
tinyg GCODE[mm] ok> 
tinyg GCODE[mm] ok> X1.626Y-33.562
tinyg GCODE[mm] ok> 
tinyg GCODE[mm] ok> X1.946Y-33.580
tinyg GCODE[mm] ok> 
tinyg GCODE[mm] ok> X2.262Y-33.602
tinyg GCODE[mm] ok> 
tinyg GCODE[mm] ok> X2.574Y-33.628
tinyg GCODE[mm] ok> 
tinyg GCODE[mm] ok> X2.882Y-33.656
tinyg GCODE[mm] ok> 
tinyg GCODE[mm] ok> X3.185Y-33.688
tinyg GCODE[mm] ok> 
tinyg GCODE[mm] ok> X3.483Y-33.724
tinyg GCODE[mm] ok> 
tinyg GCODE[mm] ok> X3.775Y-33.762
tinyg GCODE[mm] ok> 
tinyg GCODE[mm] ok> X4.060Y-33.805
tinyg GCODE[mm] ok> 
tinyg GCODE[mm] ok> X4.339Y-33.850
tinyg GCODE[mm] ok> 
tinyg GCODE[mm] ok> X4.610Y-33.898
tinyg GCODE[mm] ok> 
tinyg GCODE[mm] ok> X4.874Y-33.950
tinyg GCODE[mm] ok> 
tinyg GCODE[mm] ok> X5.130Y-34.005
tinyg GCODE[mm] ok> 
tinyg GCODE[mm] ok> X5.376Y-34.064
tinyg GCODE[mm] ok> 
tinyg GCODE[mm] ok> X5.614Y-34.125
tinyg GCODE[mm] ok> 
tinyg GCODE[mm] ok> X5.842Y-34.190
tinyg GCODE[mm] ok> 
tinyg GCODE[mm] ok> X6.060Y-34.257
tinyg GCODE[mm] ok> 
tinyg GCODE[mm] ok> X6.268Y-34.328
tinyg GCODE[mm] ok> 
tinyg GCODE[mm] ok> X6.466Y-34.402
tinyg GCODE[mm] ok> 
tinyg GCODE[mm] ok> X6.652Y-34.479
tinyg GCODE[mm] ok> 
tinyg GCODE[mm] ok> X6.827Y-34.559
tinyg GCODE[mm] ok> 
tinyg GCODE[mm] ok> X6.990Y-34.642
tinyg GCODE[mm] ok> 
tinyg GCODE[mm] ok> X7.141Y-34.728
tinyg GCODE[mm] ok> 
tinyg GCODE[mm] ok> X7.280Y-34.817
tinyg GCODE[mm] ok> 
tinyg GCODE[mm] ok> X7.407Y-34.909
tinyg GCODE[mm] ok> 
tinyg GCODE[mm] ok> X7.521Y-35.003
tinyg GCODE[mm] ok> 
tinyg GCODE[mm] ok> X7.621Y-35.101
tinyg GCODE[mm] ok> 
tinyg GCODE[mm] ok> X7.709Y-35.201
tinyg GCODE[mm] ok> 
tinyg GCODE[mm] ok> X7.783Y-35.304
tinyg GCODE[mm] ok> 
tinyg GCODE[mm] ok> X7.843Y-35.410
tinyg GCODE[mm] ok> 
tinyg GCODE[mm] ok> X7.890Y-35.518
tinyg GCODE[mm] ok> 
tinyg GCODE[mm] ok> X7.923Y-35.629
tinyg GCODE[mm] ok> 
tinyg GCODE[mm] ok> X7.942Y-35.743
tinyg GCODE[mm] ok> 
tinyg GCODE[mm] ok> X7.946Y-35.859
tinyg GCODE[mm] ok> 
tinyg GCODE[mm] ok> X7.937Y-35.977
tinyg GCODE[mm] ok> 
tinyg GCODE[mm] ok> X7.914Y-36.098
tinyg GCODE[mm] ok> 
tinyg GCODE[mm] ok> X7.876Y-36.221
tinyg GCODE[mm] ok> 
tinyg GCODE[mm] ok> X7.824Y-36.347
tinyg GCODE[mm] ok> 
tinyg GCODE[mm] ok> X7.758Y-36.475
tinyg GCODE[mm] ok> 
tinyg GCODE[mm] ok> X7.677Y-36.605
tinyg GCODE[mm] ok> 
tinyg GCODE[mm] ok> X7.583Y-36.738
tinyg GCODE[mm] ok> 
tinyg GCODE[mm] ok> X7.474Y-36.872
tinyg GCODE[mm] ok> 
tinyg GCODE[mm] ok> X7.352Y-37.009
tinyg GCODE[mm] ok> 
tinyg GCODE[mm] ok> X7.216Y-37.148
tinyg GCODE[mm] ok> 
tinyg GCODE[mm] ok> X7.066Y-37.289
tinyg GCODE[mm] ok> 
tinyg GCODE[mm] ok> X6.903Y-37.431
tinyg GCODE[mm] ok> 
tinyg GCODE[mm] ok> X6.536Y-37.722
tinyg GCODE[mm] ok> 
tinyg GCODE[mm] ok> X6.333Y-37.870
tinyg GCODE[mm] ok> 
tinyg GCODE[mm] ok> X6.118Y-38.020
tinyg GCODE[mm] ok> 
tinyg GCODE[mm] ok> X5.650Y-38.324
tinyg GCODE[mm] ok> 
tinyg GCODE[mm] ok> X5.399Y-38.479
tinyg GCODE[mm] ok> 
tinyg GCODE[mm] ok> X5.135Y-38.635
tinyg GCODE[mm] ok> 
tinyg GCODE[mm] ok> X4.576Y-38.951
tinyg GCODE[mm] ok> 
tinyg GCODE[mm] ok> X3.334Y-39.598
tinyg GCODE[mm] ok> 
tinyg GCODE[mm] ok> X2.971Y-39.776
tinyg GCODE[mm] ok> 
tinyg GCODE[mm] ok> X2.599Y-39.955
tinyg GCODE[mm] ok> 
tinyg GCODE[mm] ok> X1.828Y-40.317
tinyg GCODE[mm] ok> 
tinyg GCODE[mm] ok> X0.193Y-41.050
tinyg GCODE[mm] ok> 
tinyg GCODE[mm] ok> X-3.302Y-42.537
tinyg GCODE[mm] ok> 
tinyg GCODE[mm] ok> X-3.747Y-42.723
tinyg GCODE[mm] ok> 
tinyg GCODE[mm] ok> X-4.191Y-42.908
tinyg GCODE[mm] ok> 
tinyg GCODE[mm] ok> X-5.074Y-43.278
tinyg GCODE[mm] ok> 
tinyg GCODE[mm] ok> X-6.803Y-44.012
tinyg GCODE[mm] ok> 
tinyg GCODE[mm] ok> X-9.961Y-45.432
tinyg GCODE[mm] ok> 
tinyg GCODE[mm] ok> X-10.315Y-45.603
tinyg GCODE[mm] ok> 
tinyg GCODE[mm] ok> X-10.659Y-45.773
tinyg GCODE[mm] ok> 
tinyg GCODE[mm] ok> X-11.312Y-46.107
tinyg GCODE[mm] ok> 
tinyg GCODE[mm] ok> X-11.620Y-46.272
tinyg GCODE[mm] ok> 
tinyg GCODE[mm] ok> X-11.915Y-46.434
tinyg GCODE[mm] ok> 
tinyg GCODE[mm] ok> X-12.466Y-46.753
tinyg GCODE[mm] ok> 
tinyg GCODE[mm] ok> X-12.720Y-46.909
tinyg GCODE[mm] ok> 
tinyg GCODE[mm] ok> X-12.960Y-47.063
tinyg GCODE[mm] ok> 
tinyg GCODE[mm] ok> X-13.186Y-47.214
tinyg GCODE[mm] ok> 
tinyg GCODE[mm] ok> X-13.396Y-47.364
tinyg GCODE[mm] ok> 
tinyg GCODE[mm] ok> X-13.591Y-47.510
tinyg GCODE[mm] ok> 
tinyg GCODE[mm] ok> X-13.770Y-47.654
tinyg GCODE[mm] ok> 
tinyg GCODE[mm] ok> X-13.933Y-47.796
tinyg GCODE[mm] ok> 
tinyg GCODE[mm] ok> X-14.080Y-47.935
tinyg GCODE[mm] ok> 
tinyg GCODE[mm] ok> X-14.211Y-48.071
tinyg GCODE[mm] ok> 
ti>yg GCODE[mm] ok> X-14.326Y-48.204
tinyg GCODE[mm] ok> 
tinyg GCODE[mm] ok> X-14.424Y-48.334
tinyg GCODE[mm] ok> 
tinyg GCODE[mm] ok> X-14.505Y-48.462
tinyg GCODE[mm] ok> 
tinyg GCODE[mm] ok> X-14.570Y-48.586
tinyg GCOE[mm] ok> 
tinyg GCODE[mm] ok> X-14.618Y-48.707
tinyg GCODE[mm] ok> 
tinyg GCODE[mm] ok> X-14.649Y-48.825
tinyg GCODE[mm] ok> 
tinyg GODE[mm] ok> X-14.663Y-48.940
tinyg GCODE[mm] ok> 
tinyg GCODE[mm] ok> X-14.661Y-49.052
tinyg GCODE[mm] ok> 
tinyg GCODE[mm] ok> X-14.642Y-49.160
tinyg GCODE[mm] ok> 
tinyg GCODE[mm] ok> X-14.607Y-49.265
tinyg GCODE[mm] ok> 
tinyg GCODE[mm] ok> X-14.556Y-49.366
tinyg GCODE[mm] ok> 
tinyg GCODE[mm] ok> X-14.488Y-49.464
tinyg GCODE[mm] ok> 
tinyg GCODE[mm] ok> X-14.404Y-49.559
tinyg GCODE[mm] ok> 
tinyg GCODE[mm] ok> X-14.305Y-49.649
tinyg GCODE[mm] ok> 
tinyg GCODE[mm] ok> X-14.190Y-49.737
tinyg GCODE[mm] ok> 
tinyg GCODE[mm] ok> X-14.068Y-49.815
tinyg GCODE[mm] ok> 
tinyg GCODE[mm] ok> X-13.934Y-49.889
tinyg GCODE[mm] ok> 
tinyg GCODE[mm] ok> X-13.787Y-49.961
tinyg GCODE[mm] ok> 
tinyg GCODE[mm] ok> X-13.628Y-50.029
tinyg GCODE[mm] ok> 
tinyg GCODE[mm] ok> X-13.456Y-50.094
tinyg GCODE[mm] ok> 
tinyg GCODE[mm] ok> X-13.273Y-50.155
tinyg GCODE[mm] ok> 
tinyg GCODE[mm] ok> X-13.078Y-50.213
tinyg GCODE[mm] ok> 
tinyg GCODEmm] ok> X-12.872Y-50.267
tinyg GCODE[mm] ok> 
tinyg GCODE[mm] ok> X-12.655Y-50.318
tinyg GCODE[mm] ok> 
tinyg GCODE[mm] ok> X-12.428Y-50.366
tinyg GCODE[mm] ok> 
tinyg GCODE[mm] ok> X-12.190Y-50.410
tinyg GCODE[mm] ok> 
tinyg GCODE[mm] ok> X-11.944Y-50.450
tinyg GCODE[mm] ok> 
tinyg GCODE[mm] ok> X-11.688Y-50.487
tinyg GCODE[mm] ok> 
tinyg GCODE[mm] ok> X-11.423Y-50.520
tiny GCODE[mm] ok> 
tinyg GCODE[mm] ok> X-11.150Y-50.549
tinyg GCODE[mm] ok> 
tinyg GCODE[mm] ok> X-10.870Y-50.575
tinyg GCODE[mm] ok> 
tinyg GCODE[mm] ok> X-10.582Y-50.597
tinyg GCODE[mm] ok> 
tinyg GCODE[mm] ok> X-10.287Y-50.616
tinyg GCODE[mm] ok> 
tinyg GCODE[mm] ok> X-9.987Y-50.630
tinyg GCODE[mm] ok> 
tinyg GCODE[mm] ok> X-9.680Y-50.641
tinyg GCODE[mm] ok> 
tinyg GCODE[mm] ok> X-9.368Y-50.649
tinyg GCODE[mm] ok> 
tinyg GCODE[mm] ok> X-9.052Y-50.652
tinyg GCODE[mm] ok> 
tinyg GCODE[mm] ok> X-8.732Y-50.652
tinyg GCODE[mm] ok> 
tinyg GCODE[mm] ok> X-8.408Y-50.648
tinyg GCODE[mm] ok> 
tinyg GCODE[mm] ok> X-8.081Y-50.640
tinyg GCODE[mm] ok> 
tinyg GCODE[mm] ok> X-7.751Y-50.628
tinyg GCODE[mm] ok> 
tinyg GCODE[mm] ok> X-7.420Y-50.613
tinyg GCODE[mm] ok> 
tinyg GCODE[mm] ok> X-7.087Y-50.594
tinyg GCODE[mm] ok> 
tinyg GCODE[mm] ok> X-6.754Y-50.571
tinyg GCODE[mm] ok> 
tinyg GCODE[mm] ok> X-6.420Y-50.544
tinyg GCODE[mm] ok> 
tinyg GCODE[mm] ok> X-6.087Y-50.513
tinyg GCODE[mm] ok> 
tinyg GCODE[mm] ok> X-5.754Y-50.479
tinyg GCODE[mm] ok> 
tinyg GCODE[mm] ok> X-5.424Y-50.441
tinyg GCODE[mm] ok> 
tinyg GCODE[mm] ok> X-5.095Y-50.399
tinyg GCODE[mm] ok> 
tinyg GCODE[mm] ok> X-4.769Y-50.353
tinyg GCODE[mm] ok> 
tinyg GCODE[mm] ok> X-4.446Y-50.304
tinyg GCODE[mm] ok> 
tinyg GCODE[mm] ok> X-4.127Y-50.250
tinyg GCODE[mm] ok> 
tinyg GCODE[mm] ok> X-3.812Y-50.193
tinyg GCODE[mm] ok> 
tinyg GCODE[mm] ok> X-3.198Y-50.068
tinyg GCODE[mm] ok> 
tinyg GCODE[mm] ok> X-2.899Y-50.000
tinyg GCODE[mm] ok> 
tinyg GCODE[mm] ok> X-2.606Y-49.928
tinyg GCODE[mm] ok> 
tinyg GCODE[mm] ok> X-2.321Y-49.852
tinyg GCODE[mm] ok> 
tinyg GCODE[mm] ok> X-2.043Y-49.773
tinyg GCODE[mm] ok> 
tinyg GCODE[mm] ok> X-1.773Y-49.690
tinyg GCODE[mm] ok> 
tinyg GCODE[mm] ok> X-1.511Y-49.603
tinyg GCODE[mm] ok> 
tinyg GCODE[mm] ok> X-1.015Y-49.419
tinyg GCODE[mm] ok> 
tinyg GCODE[mm] ok> X-0.781Y-49.322
tinyg GCODE[mm] ok> 
tinyg GCODE[mm] ok> X-0.557Y-49.221
tinyg GCODE[mm] ok> 
tinyg GCODE[mm] ok> X-0.343Y-49.116
tinyg GCODE[mm] ok> 
tinyg GCODE[mm] ok> X-0.141Y-49.009
tinyg GCODE[mm] ok> 
tinyg GCODE[mm] ok> X0.050Y-48.897
tinyg GCODE[mm] ok> 
tinyg GCODE[mm] ok> X0.230Y-48.783
tinyg GCODE[mm] ok> 
tinyg GCODE[mm] ok> X0.398Y-48.664
tinyg GCODE[mm] ok> 
tinyg GCODE[mm] ok> X0.553Y-48.543
tinyg GCODE[mm] ok> 
tinyg GCODE[mm] ok> X0.696Y-48.418
tinyg GCODE[mm] ok> 
tinyg GCODE[mm] ok> X0.826Y-48.290
tinyg GCODE[mm] ok> 
tinyg GCODE[mm] ok> X0.943Y-48.159
tinyg GCODE[mm] ok> 
tinyg GCODE[mm] ok> X1.046Y-48.024
tinyg GCODE[mm] ok> 
tinyg GCODE[mm] ok> X1.136Y-47.887
tinyg GCODE[mm] ok> 
tinyg GCODE[mm] ok> X1.213Y-47.746
tinyg GCODE[mm] ok> 
tinyg GCODE[mm] ok> X1.275Y-47.602
tinyg GCODE[mm] ok> 
tinyg GCODE[mm] ok> X1.323Y-47.455
tinyg GCODE[mm] ok> 
tinyg GCODE[mm] ok> X1.357Y-47.308
tinyg GCODE[mm] ok> 
tinyg GCODE[mm] ok> X1.377Y-47.159
tinyg GCODE[mm] ok> 
tinyg GCODE[mm] ok> X1.383Y-47.006
tinyg GCODE[mm] ok> 
tinyg GCODE[mm] ok> X1.375Y-46.851
tinyg GCODE[mm] ok> 
tinyg GCODE[mm] ok> X1.353Y-46.693
tinyg GCODE[mm] ok> 
tinyg GCODE[mm] ok> X1.317Y-46.532
tinyg GCODE[mm] ok> 
tinyg GCODE[mm] ok> X1.267Y-46.369
tinyg GCODE[mm] ok> 
tinyg GCODE[mm] ok> X1.203Y-46.203
tinyg GCODE[mm] ok> 
tinyg GCODE[mm] ok> X1.126Y-46.035
tinyg GCODE[mm] ok> 
tinyg GCODE[mm] ok> X1.034Y-45.864
tinyg GCODE[mm] ok> 
tinyg GCODE[mm] ok> X0.929Y-45.691
tinyg GCODE[mm] ok> 
tinyg GCODE[mm] ok> X0.810Y-45.515
tinyg GCODE[mm] ok> 
tinyg GCODE[mm] ok> X0.677Y-45.338
tinyg GCODE[mm] ok> 
tinyg GCODE[mm] ok> X0.531Y-45.157
tinyg GCODE[mm] ok> 
tinyg GCODE[mm] ok> X0.199Y-44.791
tinyg GCODE[mm] ok> 
tinyg GCODE[mm] ok> X0.014Y-44.604
tinyg GCODE[mm] ok> 
tinyg GCODE[mm] ok> X-0.184Y-44.416
tinyg GCODE[mm] ok> 
tinyg GCODE[mm] ok> X-0.617Y-44.033
tinyg GCODE[mm] ok> 
tinyg GCODE[mm] ok> X-1.624Y-43.245
tinyg GCODE[mm] ok> 
tinyg GCODE[mm] ok> X-1.903Y-43.044
tinyg GCODE[mm] ok> 
tinyg GCODE[mm] ok> X-2.193Y-42.841
tinyg GCODE[mm] ok> 
tinyg GCODE[mm] ok> X-2.801Y-42.432
tinyg GCODE[mm] ok> 
tinyg GCODE[mm] ok> X-4.125Y-41.596
tinyg GCODE[mm] ok> 
tinyg GCODE[mm] ok> X-4.475Y-41.384
tinyg GCODE[mm] ok> 
tinyg GCODE[mm] ok> X-4.833Y-41.171
tinyg GCODE[mm] ok> 
tinyg GCODE[mm] ok> X-5.567Y-40.743
tinyg GCODE[mm] ok> 
tinyg GCODE[mm] ok> X-10.698Y-37.897
tinyg GCODE[mm] ok> 
tinyg GCODE[mm] ok> X-10.698Y-37.897
tinyg GCODE[mm] ok> tinyg GCODE[mm] ok> X-10.296Y-38.118
tinyg GCODE[mm] ok> 
tinyg GCODE[mm] ok> X-11.099Y-37.676
tinyg GCODE[mm] ok> 
tinyg GCODE[mm] ok> X-11.894Y-37.235
tinyg GCODE[mm] ok> 
tinyg GCODE[mm] ok> X-13.448Y-36.356
tinyg GCODE[mm] ok> 
tinyg GCODE[mm] ok> X-13.825Y-36.137
tinyg GCODE[mm] ok> 
tinyg GCODE[mm] ok> X-14.197Y-35.919
tinyg GCODE[mm] ok> 
tinyg GCODE[mm] ok> X-14.923Y-35.485
tinyg GCODE[mm] ok> 
tinyg GCODE[mm] ok> X-16.288Y-34.625
tinyg GCODE[mm] ok> 
tinyg GCODE[mm] ok> X-16.636Y-34.395
tinyg GCODE[mm] ok> 
tinyg GCODE[mm] ok> X-16.973Y-34.165
tinyg GCODE[mm] ok> 
tinyg GCODE[mm] ok> X-17.613Y-33.711
tinyg GCODE[mm] ok> 
tinyg GCODE[mm] ok> X-17.915Y-33.486
tinyg GCODE[mm] ok> 
tinyg GCODE[mm] ok> X-18.204Y-33.262
tinyg GCODE[mm] ok> 
tinyg GCODE[mm] ok> X-18.743Y-32.821
tinyg GCODE[mm] ok> 
tinyg GCODE[mm] ok> X-18.992Y-32.602
tinyg GCODE[mm] ok> 
tinyg GCODE[mm] ok> X-19.227Y-32.386
tinyg GCODE[mm] ok> 
tinyg GCODE[mm] ok> X-19.447Y-32.171
tinyg GCODE[mm] ok> 
tinyg GCODE[mm] ok> X-19.652Y-31.959
tinyg GCODE[mm] ok> 
tinyg GCODE[mm] ok> X-19.843Y-31.749
tinyg GCODE[mm] ok> 
tinyg GCODE[mm] ok> X-20.017Y-31.540
tinyg GCODE[mm] ok> 
tinyg GCODE[mm] ok> X-20.176Y-31.335
tinyg GCODE[mm] ok> 
tinyg GCODE[mm] ok> X-20.320Y-31.131
tinyg GCODE[mm] ok> 
tinyg GCODE[mm] ok> X-20.447Y-30.930
tinyg GCODE[mm] ok> 
tinyg GCODE[mm] ok> X-20.558Y-30.731
tinyg GCODE[mm] ok> 
tinyg GCODE[mm] ok> X-20.653Y-30.535
tinyg GCODE[mm] ok> 
tinyg GCODE[mm] ok> X-20.731Y-30.341
tinyg GCODE[mm] ok> 
tinyg GCODE[mm] ok> X-20.793Y-30.150
tinyg GCODE[mm] ok> 
tinyg GCODE[mm] ok> X-20.838Y-29.961
tinyg GCODE[mm] ok> 
tinyg GCODE[mm] ok> X-20.867Y-29.776
tinyg CODE[mm] ok> 
tinyg GCODE[mm] ok> X-20.879Y-29.593
tinyg GCODE[mm] ok> 
tinyg GCODE[mm] ok> X-20.875Y-29.413
tinyg GCODE[mm] ok> 
tinyg CODE[mm] ok> X-20.854Y-29.236
tinyg GCODE[mm] ok> 
tinyg GCODE[mm] ok> X-20.817Y-29.062
tinyg GCODE[mm] ok> 
tinyg GCODE[mm] ok> X-20.764Y-28.891
tinyg GCODE[mm] ok> 
tinyg GCODE[mm] ok> X-20.695Y-28.723
tinyg GCODE[mm] ok> 
tinyg GCODE[mm] ok> X-20.610Y-28.559
tinyg GCODE[mm] ok> 
tinyg GCODE[mm] ok> X-20.510Y-28.397
tinyg GCODE[mm] ok> 
tinyg GCODE[mm] ok> X-20.394Y-28.239
tinyg GCODE[mm] ok> 
tinyg GCODE[mm] ok> X-20.263Y-28.084
tinyg GCODE[mm] ok> 
tinyg GCODE[mm] ok> X-20.117Y-27.932
tinyg GCODE[mm] ok> 
tinyg GCODE[mm] ok> X-19.957Y-27.784
tinyg GCODE[mm] ok> 
tinyg CODE[mm] ok> X-19.782Y-27.639
tinyg GCODE[mm] ok> 
tinyg GCODE[mm] ok> X-19.594Y-27.498
tinyg GCODE[mm] ok> 
tinyg GOE[mm] ok> X-19.392Y-27.360
tinyg GCODE[mm] ok> 
tinyg GCODE[mm] ok> X-19.177Y-27.226
tinyg GCODE[mm] ok> 
tinyg GCODE[mm] ok> X-18.950Y-27.095
tinyg GCODE[mm] ok> 
tinyg GCODE[mm] ok> X-18.710Y-26.968
tinyg GCODE[mm] ok> 
tinyg GCODE[mm] ok> X-18.459Y-26.845
tinyg GCODE[mm] ok> 
tinyg GCODE[mm] ok> X-18.197Y-26.725
tinyg GCODE[mm] ok> 
tinyg GCODE[mm] ok> X-17.924Y-26.609
tinyg GCODE[mm] ok> 
tinyg GCODE[mm] ok> X-17.641Y-26.497
tinyg GCODE[mm] ok> 
tinyg GCODE[mm] ok> X-17.349Y-26.389
tinyg GCODE[mm] ok> 
tinyg GCODE[mm] ok> X-16.737Y-26.183
tinyg GCODE[mm] ok> 
tinyg GCODE[mm] ok> X-16.419Y-26.086
tinyg GCODE[mm] ok> 
tinyg GCODE[mm] ok> X-16.094Y-25.993
tiny GCODE[mm] ok> 
tinyg GCODE[mm] ok> X-15.763Y-25.904
tinyg GCODE[mm] ok> 
tinyg GCODE[mm] ok> X-15.426Y-25.818
tinyg GCODE[mm] ok> 
tinyg GCODE[mm] ok> X-15.083Y-25.737
tinyg GCODE[mm] ok> 
tinyg GCODE[mm] ok> X-14.736Y-25.660
tinyg GCODE[mm] ok> 
tinyg CODE[mm] ok> X-14.030Y-25.516
tinyg GCODE[mm] ok> 
tinyg GCODE[mm] ok> X-13.672Y-25.451
tinyg GCODE[mm] ok> 
tinyg GCODE[mm] ok> X-13.313Y-25.389
tinyg GCODE[mm] ok> 
tinyg GCODE[mm] ok> X-12.953Y-25.332
tinyg GCODE[mm] ok> 
tinyg GCODE[mm] ok> X-12.591Y-25.278
tinyg GCODE[mm] ok> 
tinyg GCODE[mm] ok> X-12.230Y-25.228
tinyg GCODE[mm] ok> 
tinyg GCODE[mm] ok> X-11.870Y-25.182
tinyg GCODE[mm] ok> 
tinyg GCODE[mm] ok> X-11.511Y-25.140
tinyg GCODE[mm] ok> 
tinyg GCODE[mm] ok> X-11.155Y-25.103
tinyg GCODE[mm] ok> 
tinyg GCODE[mm] ok> X-10.824Y-25.071
tinyg GCODE[mm] ok> 
tinyg GCODE[mm] ok> X-10.497Y-25.043
tinyg GCODE[mm] ok> 
tinyg GCODE[mm] ok> X-10.173Y-25.018
tinyg GCODE[mm] ok> 
tinyg GCODE[mm] ok> X-9.853Y-24.996
tinyg GCODE[mm] ok> 
tinyg GCODE[mm] ok> X-9.538Y-24.978
tinyg GCODE[mm] ok> 
tinyg GCODE[mm] ok> X-9.228Y-24.964
tinyg GCODE[mm] ok> 
tinyg GCODE[mm] ok> X-8.924Y-24.952
tinyg GCODE[mm] ok> 
tinyg GCODE[mm] ok> X-8.625Y-24.944
tinyg GCODE[mm] ok> 
tinyg GCODE[mm] ok> X-8.334Y-24.940
tinyg GCODE[mm] ok> 
tinyg GCODE[mm] ok> X-8.049Y-24.939
tinyg GCODE[mm] ok> 
tinyg GCODE[mm] ok> X-7.772Y-24.941
tinyg GCODE[mm] ok> 
tinyg GCODE[mm] ok> X-7.504Y-24.946
tinyg GCODE[mm] ok> 
tinyg GCODE[mm] ok> X-7.243Y-24.955
tinyg GCODE[mm] ok> 
tinyg GCODE[mm] ok> X-6.992Y-24.967
tinyg GCODE[mm] ok> 
tinyg GCODE[mm] ok> X-6.750Y-24.982
tinyg GCODE[mm] ok> 
tinyg GCODE[mm] ok> X-6.518Y-25.000
tinyg GCODE[mm] ok> 
tinyg GCODE[mm] ok> X-6.295Y-25.022
tinyg GCODE[mm] ok> 
tinyg GCODE[mm] ok> X-6.084Y-25.047
tinyg GCODE[mm] ok> 
tinyg GCODE[mm] ok> X-5.883Y-25.075
tinyg GCODE[mm] ok> 
tinyg GCODE[mm] ok> X-5.694Y-25.106
tinyg GCODE[mm] ok> 
tinyg GCODE[mm] ok> X-5.517Y-25.140
tinyg GCODE[mm] ok> 
tinyg GCODE[mm] ok> X-5.351Y-25.177
tinyg GCODE[mm] ok> 
tinyg GCODE[mm] ok> X-5.197Y-25.217
tinyg GCODE[mm] ok> 
tinyg GCODE[mm] ok> X-5.057Y-25.260
tinyg GCODE[mm] ok> 
tinyg GCODE[mm] ok> X-4.928Y-25.306
tinyg GCODE[mm] ok> 
tinyg GCODE[mm] ok> X-4.813Y-25.355
tinyg GCODE[mm] ok> 
tinyg GCODE[mm] ok> X-4.711Y-25.407
tinyg GCODE[mm] ok> 
tinyg GCOD[mm] ok> X-4.623Y-25.461
tinyg GCODE[mm] ok> 
tinyg GCOD[mm] ok> X-4.548Y-25.518
tinyg GCODE[mm] ok> 
tinyg GCODE[mm] ok> X-4.487Y-25.578
tinyg GCODE[mm] ok> 
tinyg GCODE[mm] ok> X-4.439Y-25.641
tinyg GCODE[mm] ok> 
tinyg GCODE[mm] ok> X-4.406Y-25.707
tinyg GCODE[mm] ok> 
tinyg GCODE[mm] ok> X-4.387Y-25.775
tinyg GCODE[mm] ok> 
tinyg GCODE[mm] ok> X-4.382Y-25.845
tinyg GCODE[mm] ok> 
tinyg GCODE[mm] ok> X-4.392Y-25.918
tinyg GCODE[mm] ok> 
tinyg GCODE[mm] ok> X-4.416Y-25.994
tinyg GCODE[mm] ok> 
tinyg GCODE[mm] ok> X-4.454Y-26.072
tinyg GCODE[mm] ok> 
tinyg GCODE[mm] ok> X-4.506Y-26.152
tinyg GCODE[mm] ok> 
tinyg GCODE[mm] ok> X-4.572Y-26.235
tinyg GCODE[mm] ok> 
tinyg GCODE[mm] ok> X-4.653Y-26.320
tinyg GCODE[mm] ok> 
tinyg GCODE[mm] ok> X-4.748Y-26.407
tinyg GCODE[mm] ok> 
tinyg GCODE[mm] ok> X-4.857Y-26.496
tinyg GCODE[mm] ok> 
tinyg GCODE[mm] ok> X-4.980Y-26.588
tinyg GCODE[mm] ok> 
tinyg GCODE[mm] ok> X-5.117Y-26.681
tinyg GCODE[mm] ok> 
tinyg GCODE[mm] ok> X-5.267Y-26.777
tinyg GCODE[mm] ok> 
tinyg GCODE[mm] ok> X-5.431Y-26.874
tinyg GCODE[mm] ok> 
tinyg GCODE[mm] ok> X-5.798Y-27.074
tinyg GCODE[mm] ok> 
tinyg GCODE[mm] ok> X-6.001Y-27.177
tinyg GCODE[mm] ok> 
tinyg GCODE[mm] ok> X-6.216Y-27.282
tinyg GCODE[mm] ok> 
tinyg GCODE[mm] ok> X-6.683Y-27.496
tinyg GCODE[mm] ok> 
tinyg GCODE[mm] ok> X-7.755Y-27.942
tinyg GCODE[mm] ok> 
tinyg GCODE[mm] ok> X-8.049Y-28.057
tinyg GCODE[mm] ok> 
tinyg GCODE[mm] ok> X-8.353Y-28.173
tinyg GCODE[mm] ok> 
tiny GCODE[mm] ok> X-8.990Y-28.409
tinyg GCODE[mm] ok> 
tinyg GCODE[mm] ok> X-10.362Y-28.891
tinyg GCODE[mm] ok> 
tinyg GCODE[mm] ok> X-10.753Y-29.024
tinyg GCODE[mm] ok> 
tinyg GCODE[mm] ok> X-11.151Y-29.158
tinyg GCODE[mm] ok> 
tinyg GCODE[mm] ok> X-11.968Y-29.428
tinyg GCODE[mm] ok> 
tinyg GCODE[mm] ok> X-13.658Y-29.973
tinyg GCODE[mm] ok> 
tinyg GCODE[mm] ok> X-17.113Y-31.067
tinyg GCODE[mm] ok> 
tinyg GCODE[mm] ok> X-17.538Y-31.202
tinyg GCODE[mm] ok> 
tinyg GCODE[mm] ok> X-17.959Y-31.337
tinyg GCODE[mm] ok> 
tinyg GCODE[mm] ok> X-18.788Y-31.604
tinyg GCODE[mm] ok> 
tinyg GCODE[mm] ok> X-20.370Y-32.127
tinyg GCODE[mm] ok> 
tinyg GCODE[mm] ok> X-20.746Y-32.255
tinyg GCODE[mm] ok> 
tinyg GCODE[mm] ok> X-21.113Y-32.382
tinyg GCODE[mm] ok> 
tinyg GCODE[mm] ok> X-21.817Y-32.631
tinyg GCODE[mm] ok> 
tinyg GCODE[mm] ok> X-23.093Y-33.111
tinyg GCODE[mm] ok> 
tinyg GCODE[mm] ok> X-23.381Y-33.226
tinyg GCODE[mm] ok> 
tinyg GCODE[mm] ok> X-23.656Y-33.339
tinyg GCODE[mm] ok> 
tinyg GCODE[mm] ok> X-24.164Y-33.560
tinyg GCODE[mm] ok> 
tinyg GCODE[mm] ok> X-24.397Y-33.667
tinyg GCODE[mm] ok> 
tinyg GCODE[mm] ok> X-24.615Y-33.772
tinyg GCODE[mm] ok> 
tinyg GCODE[mm] ok> X-25.005Y-33.974
tinyg GCODE[mm] ok> 
tinyg GCODE[mm] ok> X-25.177Y-34.072
tinyg GCODE[mm] ok> 
tinyg GCODE[mm] ok> X-25.332Y-34.167
tinyg GCODE[mm] ok> 
tinyg GCODE[mm] ok> X-25.472Y-34.259
tinyg GCODE[mm] ok> 
tinyg GCODE[mm] ok> X-25.595Y-34.349
tinyg GCODE[mm] ok> 
tinyg GCODE[mm] ok> X-25.701Y-34.436
tinyg GCODE[mm] ok> 
tinyg GCODE[mm] ok> X-25.791Y-34.520
tinyg GCODE[mm] ok> 
tinyg GCODE[mm] ok> X-25.864Y-34.601
tinyg GCODE[mm] ok> 
tinyg GCODE[mm] ok> X-25.920Y-34.679
tinyg GCODE[mm] ok> 
tinyg GCODE[mm] ok> X-25.960Y-34.754
tinyg GCODE[mm] ok> 
tinyg GCODE[mm] ok> X-25.982Y-34.826
tinyg GCODE[mm] ok> 
tinyg GCODE[mm] ok> X-25.987Y-34.895
tinyg GCODE[mm] ok> 
tinyg GCODE[mm] ok> X-25.976Y-34.961
tinyg GCODE[mm] ok> 
tinyg GCODE[mm] ok> X-25.948Y-35.023
tinyg GCODE[mm] ok> 
tinyg GCODE[mm] ok> X-25.903Y-35.082
tinyg GCODE[mm] ok> 
tinyg GCODE[mm] ok> X-25.841Y-35.138
tinyg GCODE[mm] ok> 
tinyg GCODE[mm] ok> X-25.763Y-35.190
tinyg GCODE[mm] ok> 
tinyg GCODE[mm] ok> X-25.669Y-35.239
tinyg GCODE[mm] ok> 
tinyg GCODE[mm] ok> X-25.559Y-35.284
tinyg GCODE[mm] ok> 
tinyg GCODE[mm] ok> X-25.433Y-35.325
tinyg GCODE[mm] ok> 
tinyg GCODE[mm] ok> X-25.291Y-35.363
tinyg GCODE[mm] ok> 
tinyg CODE[mm] ok> X-25.134Y-35.397
tinyg GCODE[mm] ok> 
tinyg GCODE[mm] ok> X-24.963Y-35.428
tinyg GCODE[mm] ok> 
tinyg GCODE[mm] ok> X-24.777Y-35.455
tinyg GCODE[mm] ok> 
tinyg GCODE[mm] ok> X-23.403Y-35.532
tinyg GCODE[mm] ok> 
tinyg GCODE[mm] ok> X-23.403Y-35.532
tinyg GCODE[mm] ok> 
tinyg GCODE[mm] ok> X-24.367Y-35.496
tinyg GCODE[mm] ok> 
tinyg GCODE[mm] ok> X-24.144Y-35.511
tinyg GCODE[mm] ok> 
tinyg GCODE[mm] ok> X-23.909Y-35.522
tinyg GCODE[mm] ok> 
tinyg GCODE[mm] ok> X-23.661Y-35.529
tinyg GCODE[mm] ok> 
tinyg GCODE[mm] ok> X-23.133Y-35.532
tinyg GCODE[mm] ok> 
tinyg GCODE[mm] ok> X-22.853Y-35.527
tinyg GCODE[mm] ok> 
tinyg GCODE[mm] ok> X-22.563Y-35.519
tinyg GCODE[mm] ok> 
tinyg GCODE[mm] ok> X-22.263Y-35.506
tinyg GCODE[mm] ok> 
tinyg GCODE[mm] ok> X-21.955Y-35.490
tinyg GCODE[mm] ok> 
tinyg GCODE[mm] ok> X-21.638Y-35.470
tinyg GCODE[mm] ok> 
tinyg GCODE[mm] ok> X-21.313Y-35.445
tinyg GCODE[mm] ok> 
tinyg GCODE[mm] ok> X-20.981Y-35.416
tinyg GCODE[mm] ok> 
tinyg GCODE[mm] ok> X-20.643Y-35.384
tinyg GCODE[mm] ok> 
tinyg GCODE[mm] ok> X-20.299Y-35.347
tinyg GCODE[mm] ok> 
tinyg GCODE[mm] ok> X-19.949Y-35.306
tinyg GCODE[mm] ok> 
tinyg GCODE[mm] ok> X-19.595Y-35.261
tinyg GCODE[mm] ok> 
tinyg GCODE[mm] ok> X-19.237Y-35.212
tinyg GCODE[mm] ok> 
tinyg GCODE[mm] ok> X-18.875Y-35.158
tinyg GCODE[mm] ok> 
tinyg GCODE[mm] ok> X-18.511Y-35.101
tinyg GCODE[mm] ok> 
tinyg GCODE[mm] ok> X-18.145Y-35.039
tinyg GCODE[mm] ok> 
tinyg GCODE[mm] ok> X-17.777Y-34.973
tinyg GCODE[mm] ok> 
tinyg GCODE[mm] ok> X-17.041Y-34.829
tinyg GCODE[mm] ok> 
tinyg GCODE[mm] ok> X-16.673Y-34.751
tinyg GCODE[mm] ok> 
tinyg GCODE[mm] ok> X-16.306Y-34.668
tinyg GCODE[mm] ok> 
tinyg GCODE[mm] ok> X-15.580Y-34.491
tinyg GCODE[mm] ok> 
tinyg GCODE[mm] ok> X-15.222Y-34.396
tinyg GCODE[mm] ok> 
tinyg GCODE[mm] ok> X-14.867Y-34.297
tinyg GCODE[mm] ok> 
tinyg GCODE[mm] ok> X-14.172Y-34.086
tinyg GCODE[mm] ok> 
tinyg GCODE[mm] ok> X-13.833Y-33.975
tinyg GCODE[mm] ok> 
tinyg GCODE[mm] ok> X-13.501Y-33.859
tinyg GCODE[mm] ok> 
tinyg GCODE[mm] ok> X-13.176Y-33.740
tinyg GCODE[mm] ok> 
tinyg GCODE[mm] ok> X-12.858Y-33.616
tinyg GCODE[mm] ok> 
tinyg GCODE[mm] ok> X-12.548Y-33.488
tinyg GCODE[mm] ok> 
tinyg GCODE[mm] ok> X-12.248Y-33.357
tinyg GCODE[mm] ok> 
tinyg GCODE[mm] ok> X-11.675Y-33.082
tinyg GCODE[mm] ok> 
tinyg GCODE[mm] ok> X-11.404Y-32.938
tinyg GCODE[mm] ok> 
tinyg GCODE[mm] ok> X-11.144Y-32.791
tinyg GCODE[mm] ok> 
tinyg GCODE[mm] ok> X-10.896Y-32.639
tinyg GCODE[mm] ok> 
tinyg GCODE[mm] ok> X-10.659Y-32.484
tinyg GCODE[mm] ok> 
tinyg GCODE[mm] ok> X-10.435Y-32.326
tinyg GCODE[mm] ok> 
tinyg GCODE[mm] ok> X-10.223Y-32.163
tinyg GCODE[mm] ok> 
tinyg GCODE[mm] ok> X-10.025Y-31.997
tinyg GCODE[mm] ok> 
tinyg GCODE[mm] ok> X-9.840Y-31.827
tinyg GCODE[mm] ok> 
tinyg GCODE[mm] ok> X-9.669Y-31.653
tinyg GCODE[mm] ok> 
tinyg GCODE[mm] ok> X-9.512Y-31.476
tinyg GCODE[mm] ok> 
tinyg GCODE[mm] ok> X-9.370Y-31.295
tinyg GCODE[mm] ok> 
tinyg GCODE[mm] ok> X-9.242Y-31.111
tinyg GCODE[mm] ok> 
tinyg GCODE[mm] ok> X-9.130Y-30.923
tinyg GCODE[mm] ok> 
tinyg GCODE[mm] ok> X-9.033Y-30.732
tinyg GCODE[mm] ok> 
tinyg GCODE[mm] ok> X-8.951Y-30.538
tinyg GCODE[mm] ok> 
tinyg GCODE[mm] ok> X-8.885Y-30.340
tinyg GCODE[mm] ok> 
tinyg GCODE[mm] ok> X-8.835Y-30.139
tinyg GCODE[mm] ok> 
tinyg GCODE[mm] ok> X-8.801Y-29.934
tinyg GCODE[mm] ok> 
tinyg GCODE[mm] ok> X-8.782Y-29.727
tinyg GCODE[mm] ok> 
tinyg GCODE[mm] ok> X-8.780Y-29.517
tinyg GCODE[mm] ok> 
tinyg GCODE[mm] ok> X-8.794Y-29.303
tinyg GCODE[mm] ok> 
tiny GCODE[mm] ok> X-8.825Y-29.087
tinyg GCODE[mm] ok> 
tinyg GCODE[mm] ok> X-8.871Y-28.867
tinyg GCODE[mm] ok> 
tinyg GCODE[mm] ok> X-8.934Y-28.645
tinyg GCODE[mm] ok> 
tinyg GCODE[mm] ok> X-9.006Y-28.435
tiny GCODE[mm] ok> 
tinyg GCODE[mm] ok> X-9.093Y-28.223
tinyg GCODE[mm] ok> 
tinyg GCODE[mm] ok> X-9.194Y-28.008
tinyg GCODE[mm] ok> 
tinyg CODE[mm] ok> X-9.308Y-27.792
tinyg GCODE[mm] ok> 
tinyg GCODE[mm] ok> X-9.435Y-27.573
tinyg GCODE[mm] ok> 
tinyg GCODE[mm] ok> X-9.577Y-27.352
tinyg GCODE[mm] ok> 
tinyg GCODE[mm] ok> X-9.898Y-26.903
tinyg GCODE[mm] ok> 
tinyg GCODE[mm] ok> X-10.078Y-26.676
tinyg GCODE[mm] ok> 
tinyg GCODE[mm] ok> X-10.271Y-26.446
tinyg GCODE[mm] ok> 
tinyg GCODE[mm] ok> X-10.693Y-25.982
tinyg GCODE[mm] ok> 
tinyg GCODE[mm] ok> X-10.922Y-25.748
tinyg GCODE[mm] ok> 
tinyg GCODE[mm] ok> X-11.162Y-25.511
tinyg GCODE[mm] ok> 
tinyg GCODE[mm] ok> X-11.675Y-25.034
tinyg GCODE[mm] ok> 
tinyg GCODE[mm] ok> X-11.948Y-24.793
tinyg GCODE[mm] ok> 
tinyg GCODE[mm] ok> X-12.230Y-24.550
tinyg GCODE[mm] ok> 
tinyg GCODE[mm] ok> X-12.824Y-24.061
tinyg GCODE[mm] ok> 
tinyg GCODE[mm] ok> X-14.114Y-23.068
tinyg GCODE[mm] ok> 
tinyg GCODE[mm] ok> X-17.000Y-21.038
tinyg GCODE[mm] ok> 
tinyg GCODE[mm] ok> X-17.380Y-20.782
tinyg GCODE[mm] ok> 
tinyg GCODE[mm] ok> X-17.762Y-20.525
tinyg GCODE[mm] ok> 
tinyg GCODE[mm] ok> X-18.532Y-20.010
tinyg GCODE[mm] ok> 
tinyg GCODE[mm] ok> X-20.077Y-18.979
tinyg GCODE[mm] ok> 
tinyg GCODE[mm] ok> X-20.462Y-18.721
tinyg GCODE[mm] ok> 
tinyg GCODE[mm] ok> X-20.845Y-18.464
tinyg GCODE[mm] ok> 
tinyg GCODE[mm] ok> X-21.602Y-17.949
tinyg GCODE[mm] ok> 
tinyg GCODE[mm] ok> X-23.072Y-16.925
tinyg GCODE[mm] ok> 
tinyg GCODE[mm] ok> X-23.427Y-16.671
tinyg GCODE[mm] ok> 
tinyg GCODE[mm] ok> X-23.776Y-16.417
tinyg GCODE[mm] ok> 
tinyg GCODE[mm] ok> X-24.454Y-15.911
tinyg GCODE[mm] ok> 
tinyg GCODE[mm] ok> X-25.717Y-14.911
tinyg GCODE[mm] ok> 
tinyg GCODE[mm] ok> X-26.011Y-14.664
tinyg GCODE[mm] ok> 
tinyg GCODE[mm] ok> X-26.295Y-14.418
tinyg GCODE[mm] ok> 
tinyg GCODE[mm] ok> X-26.833Y-13.930
tinyg GCODE[mm] ok> 
tinyg GCODE[mm] ok> X-27.086Y-13.688
tinyg GCODE[mm] ok> 
tinyg GCODE[mm] ok> X-27.328Y-13.447
tinyg GCODE[mm] ok> 
tinyg GCODE[mm] ok> X-27.777Y-12.971
tinyg GCODE[mm] ok> 
tinyg GCODE[mm] ok> X-28.000Y-12.715
tinyg GCODE[mm] ok> 
tinyg GCODE[mm] ok> X-28.209Y-12.461
tinyg GCODE[mm] ok> 
tinyg GCODE[mm] ok> X-28.404Y-12.210
tinyg GCODE[mm] ok> 
tinyg GCODE[mm] ok> X-28.583Y-11.961
tinyg GCODE[mm] ok> 
tinyg GCODE[mm] ok> X-28.746Y-11.713
tinyg GCODE[mm] ok> 
tinyg GCODE[mm] ok> X-28.894Y-11.469
tinyg GCODE[mm] ok> 
tinyg GCODE[mm] ok> X-29.391Y-10.281
tinyg GCODE[mm] ok> 
tinyg GCODE[mm] ok> X-29.391Y-10.281
tinyg GCODE[mm] ok> 
tinyg GCODE[mm] ok> X-29.142Y-10.986
tinyg GCODE[mm] ok> 
tinyg GCODE[mm] ok> X-29.242Y-10.749
tinyg GCODE[mm] ok> 
tinyg GCODE[mm] ok> X-29.325Y-10.514
tinyg GCODE[mm] ok> 
tinyg GCODE[mm] ok> X-29.441Y-10.052
tinyg GCODE[mm] ok> 
tinyg GCODE[mm] ok> X-29.475Y-9.825
tinyg GCODE[mm] ok> 
tinyg GCODE[mm] ok> X-29.325Y-8.526
tinyg GCODE[mm] ok> 
tinyg GCODE[mm] ok> X-29.325Y-8.526
tinyg GCODE[mm] ok> 
tinyg GCODE[mm] ok> X-29.491Y-9.380
tinyg GCODE[mm] ok> 
tinyg GCODE[mm] ok> X-29.475Y-9.162
tinyg GCODE[mm] ok> 
tinyg GCODE[mm] ok> X-29.441Y-8.947
tinyg GCODE[mm] ok> 
tinyg GCODE[mm] ok> X-29.391Y-8.735
tinyg GCODE[mm] ok> 
tinyg GCDE[mm] ok> X-29.242Y-8.320
tinyg GCODE[mm] ok> 
tinyg GCODE[mm] ok> X-29.144Y-8.118
tinyg GCODE[mm] ok> 
tinyg GCODE[mm] ok> X-29.029Y-7.919
tinyg GCODE[mm] ok> 
tinyg GCODE[mm] ok> X-28.899Y-7.723
tinyg GCODE[mm] ok> 
tinyg GCODE[mm] ok> X-28.753Y-7.531
tinyg GCODE[mm] ok> 
tinyg GCODE[mm] ok> X-28.592Y-7.342
tinyg GCODE[mm] ok> 
tinyg GCODE[mm] ok> X-28.416Y-7.156
tinyg GCODE[mm] ok> 
tinyg GCODE[mm] ok> X-28.226Y-6.974
tinyg GCODE[mm] ok> 
tinyg GCODE[mm] ok> X-28.022Y-6.796
tinyg GCODE[mm] ok> 
tinyg GCODE[mm] ok> X-27.804Y-6.621
tinyg GCODE[mm] ok> 
tinyg GCODE[mm] ok> X-27.572Y-6.450
tinyg GCODE[mm] ok> 
tinyg GCODE[mm] ok> X-27.071Y-6.119
tinyg GCODE[mm] ok> 
tinyg GCODE[mm] ok> X-26.802Y-5.959
tinyg GCODE[mm] ok> 
tinyg GCODE[mm] ok> X-26.522Y-5.803
tinyg GCODE[mm] ok> 
tinyg GCODE[mm] ok> X-25.929Y-5.502
tinyg GCODE[mm] ok> 
tinyg GCODE[mm] ok> X-25.617Y-5.358
tinyg GCODE[mm] ok> 
tinyg GCODE[mm] ok> X-25.296Y-5.217
tinyg GCODE[mm] ok> 
tinyg GCODE[mm] ok> X-24.628Y-4.948
tinyg GCODE[mm] ok> 
tinyg GCODE[mm] ok> X-24.283Y-4.819
tinyg GCODE[mm] ok> 
tinyg GCODE[mm] ok> X-22.465Y-4.236
tinyg GCODE[m
tinyg GCODE[mm] ok> X-22.465Y-4.236
tinyg GCODE[mm] ok> 
tinyg GCODE[mm] ok> X-23.207Y-4.457
tinyg GCODE[mm] ok> 
tinyg GCODE[mm] ok> X-22.838Y-4.344
tinyg GCODE[mm] ok> m] ok> 
tinyg GCODE[mm] ok> X-21.707Y-4.031
tinyg GCODE[mm] ok> 
tinyg GCODE[mm] ok> X-21.325Y-3.935
tinyg GCODE[mm] ok> 
tinyg GCODE[mm] ok> X-20.941Y-3.842
tinyg GCODE[mm] ok> 
tinyg GCODE[mm] ok> X-20.170Y-3.670
tinyg GCODE[mm] ok> 
tinyg GCODE[mm] ok> X-19.786Y-3.590
tinyg GCODE[mm] ok> 
tinyg GCODE[mm] ok> X-19.402Y-3.515
tinyg GCODE[mm] ok> 
tinyg GCODE[mm] ok> X-18.642Y-3.375
tinyg GCODE[mm] ok> 
tinyg GCODE[mm] ok> X-18.266Y-3.312
tinyg GCODE[mm] ok> 
tinyg GCODE[mm] ok> X-17.894Y-3.252
tinyg GCODE[mm] ok> 
tinyg GCODE[mm] ok> X-17.527Y-3.197
tinyg GCODE[mm] ok> 
tinyg GCODE[mm] ok> X-17.164Y-3.145
tinyg GCODE[mm] ok> 
tinyg GCODE[mm] ok> X-16.808Y-3.098
tinyg GCODE[mm] ok> 
tinyg GCODE[mm] ok> X-16.459Y-3.055
tinyg GCODE[mm] ok> 
tinyg GCODE[mm] ok> X-16.116Y-3.015
tinyg GCODE[mm] ok> 
tinyg GCODE[mm] ok> X-15.781Y-2.980
tinyg GCODE[mm] ok> 
tinyg GCODE[mm] ok> X-15.477Y-2.951
tinyg GCODE[mm] ok> 
tinyg GCODE[mm] ok> X-15.179Y-2.925
tinyg GCODE[mm] ok> 
tinyg GCODE[mm] ok> X-14.891Y-2.902
tinyg GCODE[mm] ok> 
tinyg GCODE[mm] ok> X-14.611Y-2.883
tinyg GCODE[mm] ok> 
tinyg GCODE[mm] ok> X-14.340Y-2.867
tinyg GCODE[mm] ok> 
tinyg GCODE[mm] ok> X-14.078Y-2.855
tinyg GCODE[mm] ok> 
tinyg GCODE[mm] ok> X-13.827Y-2.845
tinyg GCODE[mm] ok> 
tinyg GCODE[mm] ok> X-13.586Y-2.839
tinyg GCODE[mm] ok> 
tinyg GCODE[mm] ok> X-13.355Y-2.837
tinyg GCODE[mm] ok> 
tinyg GCODE[mm] ok> X-13.136Y-2.837
tinyg GCODE[mm] ok> 
tinyg GCODE[mm] ok> X-12.929Y-2.841
tinyg GCODE[mm] ok> 
tinyg GCODE[mm] ok> X-12.733Y-2.848
tinyg GCODE[mm] ok> 
tinyg CODE[mm] ok> X-12.549Y-2.858
tinyg GCODE[mm] ok> 
tinyg GCODE[mm] ok> X-12.378Y-2.871
tinyg GCODE[mm] ok> 
tinyg GCODE[mm] ok> X-12.220Y-2.888
tinyg GCODE[mm] ok> 
tinyg GCODE[mm] ok> X-12.074Y-2.907
tinyg GCODE[mm] ok> 
tinyg GCODE[mm] ok> X-11.942Y-2.929
tinyg GCODE[mm] ok> 
tinyg GCODEmm] ok> X-11.823Y-2.955
tinyg GCODE[mm] ok> 
tinyg GCODE[mm] ok> X-11.717Y-2.983
tinyg GCODE[mm] ok> 
tinyg GCODE[mm] ok> X-11.626Y-3.014
tinyg GCODE[mm] ok> 
tinyg GCODE[mm] ok> X-11.548Y-3.048
tinyg GCODE[mm] ok> 
tinyg GCODE[mm] ok> X-11.484Y-3.084
tinyg GCODE[mm] ok> 
tinyg GCODE[mm] ok> X-11.435Y-3.124
tinyg GCODE[mm] ok> 
tinyg GCODE[mm] ok> X-11.400Y-3.166
tinyg GCODE[mm] ok> 
tinyg GCODE[mm] ok> X-11.379Y-3.210
tinyg GCODE[mm] ok> 
tinyg GCODE[mm] ok> X-11.372Y-3.258
tinyg GCODE[mm] ok> 
tinyg GCODE[mm] ok> X-11.380Y-3.308
tinyg GCODE[mm] ok> 
tiny GCODE[mm] ok> X-11.403Y-3.360
tinyg GCODE[mm] ok> 
tinyg GCODE[mm] ok> X-11.440Y-3.415
tinyg GCODE[mm] ok> 
tinyg GCODE[mm] ok> X-11.491Y-3.472
tinyg GCODE[mm] ok> 
tinyg GCODE[mm] ok> X-11.556Y-3.532
tinyg GCODE[mm] ok> 
tinyg GCODE[mm] ok> X-11.636Y-3.594
tinyg GCODE[mm] ok> 
tinyg GCODE[mm] ok> X-11.729Y-3.658
tinyg GCODE[mm] ok> 
tinyg GCODE[mm] ok> X-11.837Y-3.724
tinyg GCODE[mm] ok> 
tinyg GCODE[mm] ok> X-11.959Y-3.793
tinyg GCODE[mm] ok> 
tinyg GCODE[mm] ok> X-12.094Y-3.863
tinyg GCODE[mm] ok> 
tinyg GCODE[mm] ok> X-12.242Y-3.936
tinyg GCODE[mm] ok> 
tinyg GCODE[mm] ok> X-12.404Y-4.010
tinyg GCODE[mm] ok> 
tinyg GCODE[mm] ok> X-12.767Y-4.165
tinyg GCODE[mm] ok> 
tinyg GODE[mm] ok> X-12.967Y-4.245
tinyg GCODE[mm] ok> 
tinyg GCODE[mm] ok> X-13.179Y-4.327
tinyg GCODE[mm] ok> 
tinyg GCODE[mm] ok> X-13.639Y-4.495
tinyg GCODE[mm] ok> 
tinyg GCODE[mm] ok> X-14.691Y-4.850
tinyg GCODE[mm] ok> 
tinyg GCODE[mm] ok> X-14.979Y-4.942
tinyg GCODE[mm] ok> 
tinyg GCODE[mm] ok> X-15.277Y-5.036
tinyg GCODE[mm] ok> 
tinyg GCODE[mm] ok> X-15.897Y-5.225
tinyg GCODE[mm] ok> 
tinyg GCODE[mm] ok> X-17.230Y-5.617
tinyg GCODE[mm] ok> 
tinyg GCODE[mm] ok> X-20.146Y-6.431
tinyg GCODE[mm] ok> 
tinyg GCODE[mm] ok> X-20.516Y-6.532
tinyg GCODE[mm] ok> 
tinyg GCODE[mm] ok> X-20.887Y-6.634
tinyg GCODE[mm] ok> 
tinyg GCODE[mm] ok> X-21.630Y-6.837
tinyg GCODE[mm] ok> 
tinyg GCODE[mm] ok> X-23.106Y-7.241
tinyg CODE[mm] ok> 
tinyg GCODE[mm] ok> X-25.895Y-8.028
tinyg GCODE[mm] ok> 
tinyg GCODE[mm] ok> X-26.218Y-8.123
tinyg GCODE[mm] ok> 
tinyg GCODE[mm] ok> X-26.535Y-8.218
tinyg GCODE[mm] ok> 
tinyg GCODE[mm] ok> X-27.145Y-8.403
tinyg GCODE[mm] ok> 
tinyg GCODE[mm] ok> X-28.260Y-8.760
tinyg GCODE[mm] ok> 
tinyg GCODE[mm] ok> X-28.514Y-8.846
tinyg GCODE[mm] ok> 
tinyg GCODE[mm] ok> X-28.759Y-8.930
tinyg GCODE[mm] ok> 
tinyg GCODE[mm] ok> X-29.214Y-9.095
tinyg GCODE[mm] ok> 
tinyg GCODE[mm] ok> X-29.425Y-9.175
tinyg GCODE[mm] ok> 
tinyg GCODE[mm] ok> X-29.624Y-9.253
tinyg GCODE[mm] ok> 
tinyg GCODE[mm] ok> X-29.986Y-9.404
tinyg GCODE[mm] ok> 
tinyg GCODE[mm] ok> X-30.149Y-9.477
tinyg GCODE[mm] ok> 
tinyg GCODE[mm] ok> X-30.298Y-9.548
tinyg GCODE[mm] ok> 
tinyg GCODE[mm] ok> X-30.435Y-9.617
tinyg GCODE[mm] ok> 
tinyg GCODE[mm] ok> X-30.559Y-9.684
tinyg GCODE[mm] ok> 
tinyg GCODE[mm] ok> X-30.669Y-9.749
tinyg GCODE[mm] ok> 
tinyg GCODE[mm] ok> X-30.766Y-9.812
tinyg GCODE[mm] ok> 
tinyg GCODE[mm] ok> X-30.849Y-9.872
tinyg GCODE[mm] ok> 
tinyg GCODE[mm] ok> X-30.918Y-9.931
tinyg GCOE[mm] ok> 
tinyg GCODE[mm] ok> X-30.974Y-9.987
tinyg GCODE[mm] ok> 
tinyg GCODE[mm] ok> X-31.016Y-10.041
tinyg GCODE[mm] ok> 
tinyg GCODE[mm] ok> X-31.043Y-10.092
tinyg GCODE[mm] ok> 
tinyg GCODE[mm] ok> X-31.057Y-10.141
tinyg GCODE[mm] ok> 
tinyg GCODE[mm] ok> X-31.057Y-10.188
tinyg GCODE[mm] ok> 
tinyg GCODE[mm] ok> X-31.043Y-10.232
tinyg GCODE[mm] ok> 
tinyg GCODE[mm] ok> X-31.015Y-10.273
tinyg GCODE[mm] ok> 
tinyg GCODE[mm] ok> X-30.972Y-10.312
tinyg GCODE[mm] ok> 
tinyg GCODE[mm] ok> X-30.916Y-10.349
tinyg GCODE[mm] ok> 
tinyg GCODE[mm] ok> X-30.847Y-10.382
tinyg GCODE[mm] ok> 
tinyg GCODE[mm] ok> X-30.763Y-10.413
tinyg GCODE[mm] ok> 
tinyg GCODE[mm] ok> X-30.666Y-10.441
tinyg GCODE[mm] ok> 
tinyg GCODE[mm] ok> X-30.556Y-10.466
tinyg GCODE[mm] ok> 
tinyg GCODE[mm] ok> X-30.432Y-10.489
tinyg GCODE[mm] ok> 
tinyg GCODE[mm] ok> X-30.295Y-10.508
tinyg GCODE[mm] ok> 
tinyg GCODE[mm] ok> X-30.146Y-10.525
tinyg GCODE[mm] ok> 
tinyg CODE[mm] ok> X-29.984Y-10.539
tinyg GCODE[mm] ok> 
tinyg GCODE[mm] ok> X-29.809Y-10.549
tinyg GCODE[mm] ok> 
tinyg GCODE[mm] ok> X-29.622Y-10.557
tinyg GCODE[mm] ok> 
tinyg GCODE[mm] ok> X-29.424Y-10.562
tinyg GCODE[mm] ok> 
tinyg GCODE[mm] ok> X-29.214Y-10.563
tinyg GCODE[mm] ok> 
tinyg GCODE[mm] ok> X-28.992Y-10.562
tinyg GCODE[mm] ok> 
tinyg GCODE[mm] ok> X-28.760Y-10.557
tinyg GCODE[mm] ok> 
tinyg GCODE[mm] ok> X-28.517Y-10.549
tinyg GCODE[mm] ok> 
tinyg GCODE[mm] ok> X-28.242Y-10.537
tinyg GCODE[mm] ok> 
tinyg GCODE[mm] ok> X-27.955Y-10.521
tinyg GCODE[mm] ok> 
tinyg GCODE[mm] ok> X-27.657Y-10.501
tinyg GCODE[mm] ok> 
tinyg GCODE[mm] ok> X-27.349Y-10.477
tinyg GCODE[mm] ok> 
tinyg GCODE[mm] ok> X-27.031Y-10.450
tinyg GCODE[mm] ok> 
tinyg GCODE[mm] ok> X-26.703Y-10.418
tinyg GCODE[mm] ok> 
tinyg GCODE[mm] ok> X-26.366Y-10.383
tinyg GCODE[mm] ok> 
tinyg GCODE[mm] ok> X-26.021Y-10.343
tinyg GCODE[mm] ok> 
tinyg GCODE[mm] ok> X-25.668Y-10.300
tinyg GCODE[mm] ok> 
tinyg GCODE[mm] ok> X-25.308Y-10.253
tinyg GCODE[mm] ok> 
tinyg GCODE[mm] ok> X-24.568Y-10.146
tinyg GCODE[mm] ok> 
tinyg GCODE[mm] ok> X-24.191Y-10.086
tinyg GCODE[mm] ok> 
tinyg GCODE[mm] ok> X-23.808Y-10.023
tinyg GCOE[mm] ok> 
tinyg GCODE[mm] ok> X-23.032Y-9.883
tinyg GCODE[mm] ok> 
tinyg GCODE[mm] ok> X-22.640Y-9.807
tinyg GCODE[mm] ok> 
tinyg GCODE[mm] ok> X-22.245Y-9.728
tinyg GCODE[mm] ok> 
tinyg GCODE[mm] ok> X-21.453Y-9.556
tinyg GCODE[mm] ok> 
tikyg GCODE[mm] ok> X-21.057Y-9.463
tinyg GCODE[mm] ok> 
tinyg GCODE[mm] ok> X-20.662Y-9.367
tinyg GCODE[mm] ok> 
tinyg GCODE[mm] ok> X-19.876Y-9.162
tinyg GCODE[mm] ok> 
tinyg GCODE[mm] ok> X-19.487Y-9.054
tinyg GCODE[mm] ok> 
tinyg GCODE[mm] ok> X-19.101Y-8.941
tinyg GCODE[mm] ok> 
tinyg GCODE[mm] ok> X-18.343Y-8.704
tinyg GCODE[mm] ok> 
tinyg GCODE[mm] ok> X-17.972Y-8.579
tinyg GCODE[mm] ok> 
tinyg GCODE[mm] ok> X-17.606Y-8.450
tinyg GCODE[mm] ok> 
tinyg GCODE[mm] ok> X-16.896Y-8.180
tinyg GCODE[mm] ok> 
tinyg GCODE[mm] ok> X-16.552Y-8.040
tinyg GCODE[mm] ok> 
tinyg GCODE[mm] ok> X-16.217Y-7.895
tinyg GCODE[mm] ok> 
tinyg GCODE[mm] ok> X-15.574Y-7.594
tinyg GCODE[mm] ok> 
tinyg GCODE[mm] ok> X-15.268Y-7.438
tinyg GCODE[mm] ok> 
tinyg GCODE[mm] ok> X-14.972Y-7.277
tinyg GCODE[mm] ok> 
tikyg GCODE[mm] ok> X-14.414Y-6.946
tinyg GCODE[mm] ok> 
tinyg GCODE[mm] ok> X-14.153Y-6.774
tinyg GCODE[mm] ok> 
tinyg GCODE[mm] ok> X-13.905Y-6.599
tinyg GCODE[mm] ok> 
tinyg GCODE[mm] ok> X-13.669Y-6.420
tinyg GCODE[mm] ok> 
tinyg GCODE[mm] ok> X-13.447Y-6.237
tinyg GCODE[mm] ok> 
tinyg GCODE[mm] ok> X-13.239Y-6.051
tinyg GCODE[mm] ok> 
tinyg GCODE[mm] ok> X-13.044Y-5.862
tinyg GCODE[mm] ok> 
tinyg GCODE[mm] ok> X-12.864Y-5.669
tinyg GCODE[mm] ok> 
tinyg GCODE[mm] ok> X-12.699Y-5.472
tinyg GCODE[mm] ok> 
tinyg GCODE[mm] ok> X-12.549Y-5.272
tinyg GCODE[mm] ok> 
tinyg GCODE[mm] ok> X-12.414Y-5.069
tinyg GCODE[mm] ok> 
tinyg GCODE[mm] ok> X-12.294Y-4.862
tinyg GCODE[mm] ok> 
tinyg GCODE[mm] ok> X-12.190Y-4.652
tinyg GCODE[mm] ok> 
tinyg GCODE[mm] ok> X-12.102Y-4.439
tinyg GCOE[mm] ok> 
tinyg GCODE[mm] ok> X-12.030Y-4.223
tinyg GCODE[mm] ok> 
tinyg GCODE[mm] ok> X-11.975Y-4.003
tinyg GCODE[mm] ok> 
tinyg GCODE[mm] ok> X-11.935Y-3.781
tinyg GCODE[mm] ok> 
tinyg GCODE[mm] ok> X-11.911Y-3.555
tinyg GCODE[mm] ok> 
tinyg GCODE[mm] ok> X-11.904Y-3.327
tinyg GCODE[mm] ok> 
tinyg GCODE[mm] ok> X-11.914Y-3.096
tinyg GCODE[mm] ok> 
tinyg GCODE[mm] ok> X-11.939Y-2.862
tinyg GCODE[mm] ok> 
tinyg GCODE[mm] ok> X-11.981Y-2.625
tinyg GCODE[mm] ok> 
tinyg GCODE[mm] ok> X-12.038Y-2.386
tinyg GCODE[mm] ok> 
tinyg GCODE[mm] ok> X-12.112Y-2.144
tinyg GCODE[mm] ok> 
tinyg GCODE[mm] ok> X-12.202Y-1.899
tinyg GCODE[mm] ok> 
tinyg GCODE[mm] ok> X-12.300Y-1.669
tinyg GCODE[mm] ok> 
tinyg GCODE[mm] ok> X-12.412Y-1.436
tinyg GCODE[mm] ok> 
tinyg GCODE[mm] ok> X-12.537Y-1.201
tinyg GCODE[mm] ok> 
tinyg GCODE[mm] ok> X-12.675Y-0.965
tinyg GCODE[mm] ok> 
tinyg GCODE[mm] ok> X-12.826Y-0.726
tinyg GCODE[mm] ok> 5.266Y2.009
tinyg GCODE[mm] ok> 5.266Y2.009
tinyg GCODE[mm] ok> .486
tinyg GCODE[mm] ok> 
tinyg GCODE[mm] ok> X-13.355Y0.001
tinyg GCODE[mm] ok> 
tinyg GCODE[mm] ok> X-13.555Y0.246
tinyg GCODE[mm] ok> 
tinyg GCODE[mm] ok> X-13.768Y0.494
tinyg GCODE[mm] ok> 
tinyg GCODE[mm] ok> X-14.226Y0.993
tinyg GCODE[mm] ok> 
tinyg GCODE[mm] ok> X-1
tinyg GODE[mm] ok> X-15.550Y2.266
tinyg GCODE[mm] ok> 
tinyg GCODE[mm] ok> X-15.842Y2.524
tinyg GCODE[mm] ok> 
tinyg GCODE[mm] ok> X-16.451Y3.043
tinyg GCODE[mm] ok> 
tinyg GCODE[mm] ok> X-17.752Y4.093
tinyg GCODE[mm] ok> 
tinyg GCODE[mm] ok> X-20.572Y6.219
tinyg GCODE[mm] ok> 
tinyg GCODE[mm] ok> X-20.935Y6.486
tinyg GCODE[mm] ok> 
tinyg GCODE[mm] ok> X-21.298Y6.753
tinyg GCODE[mm] ok> 
tinyg GCODE[mm] ok> X-22.024Y7.287
tinyg GCODE[mm] ok> 
tinyg GCODE[mm] ok> X-23.456Y8.353
tinyg GCODE[mm] ok> 
tinyg GCODE[mm] ok> X-23.807Y8.618
tinyg GCODE[mm] ok> 
tinyg GCODE[mm] ok> X-24.154Y8.883
tinyg GCODE[mm] ok> 
tinyg GCODE[mm] ok> X-24.835Y9.411
tiny GCODE[mm] ok> 
tinyg GCODE[mm] ok> X-26.125Y10.458
tinyg GCODE[mm] ok> 
tinyg GCODE[mm] ok> X-26.431Y10.717
tinyg GCODE[mm] ok> 
tinyg GCODE[mm] ok> X-26.728Y10.975
tinyg GCODE[mm] ok> 
tinyg GCODE[mm] ok> X-27.297Y11.489
tinyg GCODE[mm] ok> 
tinyg GCODE[mm] ok> X-27.568Y11.744
tinyg GCODE[mm] ok> 
tinyg GCODE[mm] ok> X-27.830Y11.997
tinyg GCODE[mm] ok> 
tinyg GCODE[mm] ok> X-28.322Y12.500
tinyg GCODE[mm] ok> 
tinyg GCODE[mm] ok> X-28.552Y12.749
tinyg GCODE[mm] ok> 
tinyg GCODE[mm] ok> X-28.771Y12.997
tinyg GCODE[mm] ok> 
tinyg GCODE[mm] ok> X-28.978Y13.243
tinyg GCODE[mm] ok> 
tinyg GCODE[mm] ok> X-29.174Y13.487
tinyg GCODE[mm] ok> 
tinyg GCODE[mm] ok> X-29.357Y13.729
tinyg GCODE[mm] ok> 
tinyg GCODE[mm] ok> X-29.528Y13.970
tinyg GCODE[mm] ok> 
tinyg GCODE[mm] ok> X-29.686Y14.209
tinyg GCODE[mm] ok> 
tinyg GCODE[mm] ok> X-29.831Y14.446
tinyg GCODE[mm] ok> 
tinyg GCODE[mm] ok> X-29.974Y14.700
tinyg GCODE[mm] ok> 
tinyg GCODE[mm] ok> X-30.101Y14.953
tinyg GCODE[mm] ok> 
tinyg GCODE[mm] ok> X-30.212Y15.202
tinyg GCODE[mm] ok> 
tinyg GCODE[mm] ok> X-30.307Y15.449
tinyg GCODE[mm] ok> 
tinyg GCODE[mm] ok> X-30.385Y15.694
tinyg GCODE[mm] ok> 
tinyg GCODE[mm] ok> X-30.447Y15.936
tinyg GCODE[mm] ok> 
tinyg GCODE[mm] ok> X-30.492Y16.175
tinyg GCODE[mm] ok> 
tinyg GCODE[mm] ok> X-30.521Y16.411
tinyg GCODE[mm] ok> 
tinyg GCODE[mm] ok> X-30.532Y16.644
tinyg GCODE[mm] ok> 
tinyg GCODE[mm] ok> X-30.527Y16.874
tinyg GCODE[mm] ok> 
tinyg GCODE[mm] ok> X-30.505Y17.102
tinyg GCODE[mm] ok> 
tinyg GCODE[mm] ok> X-30.466Y17.326
tinyg GCODE[mm] ok> 
tinyg GCODE[mm] ok> X-30.411Y17.547
tinyg GCODE[mm] ok> 
tinyg GCODE[mm] ok> X-30.338Y17.765
tinyg GCODE[mm] ok> 
tinyg GCODE[mm] ok> X-30.249Y17.980
tinyg GCODE[mm] ok> 
tinyg GCODE[mm] ok> X-30.144Y18.191
tinyg GCODE[mm] ok> 
tinyg GCODE[mm] ok> X-30.022Y18.399
tinyg GCODE[mm] ok> 
tinyg GCODE[mm] ok> X-29.884Y18.603
tinyg GCODE[mm] ok> 
tinyg GCODE[mm] ok> X-29.730Y18.805
tinyg GCODE[mm] ok> 
tinyg GCODE[mm] ok> X-29.561Y19.002
tinyg GCODE[mm] ok> 
tinyg GCODE[mm] ok> X-29.376Y19.196
tinyg GCODE[mm] ok> 
tinyg GCODE[mm] ok> X-29.176Y19.386
tinyg GCODE[mm] ok> 
tinyg GCODE[mm] ok> X-28.962Y19.573
tinyg GCODE[mm] ok> 
tinyg GCODE[mm] ok> X-28.733Y19.756
tinyg GCODE[mm] ok> 
tinyg GCODE[mm] ok> X-28.490Y19.935
tinyg GCODE[mm] ok> 
tinyg GCODE[mm] ok> X-28.233Y20.111
tinyg GCODE[mm] ok> 
tinyg GCODE[mm] ok> X-27.964Y20.282
tinyg GCODE[mm] ok> 
tinyg GCODE[mm] ok> X-27.681Y20.450
tinyg GCODE[mm] ok> 
tinyg GCODE[mm] ok> X-27.386Y20.614
tinyg GCODE[mm] ok> 
tinyg GCODE[mm] ok> X-27.080Y20.774
tinyg GCODE[mm] ok> 
tinyg GCODE[mm] ok> X-26.434Y21.081
tinyg GCODE[mm] ok> 
tinyg GCODE[mm] ok> X-26.096Y21.229
tinyg GCODE[mm] ok> 
tinyg GCODE[mm] ok> X-25.748Y21.373
tinyg GCODE[mm] ok> 
tinyg GCODE[mm] ok> X-25.025Y21.648
tinyg GCODE[mm] ok> 
tinyg GCODE[mm] ok> X-24.652Y21.780
tinyg GCODE[mm] ok> 
tinyg GCODE[mm] ok> X-24.272Y21.907
tinyg GCODE[mm] ok> 
tinyg GCODE[mm] ok> X-23.493Y22.149
tinyg GCODE[mm] ok> 
tinyg GCODE[mm] ok> X-23.095Y22.264
tinyg GCODE[mm] ok> 
tinyg GCODE[mm] ok> X-22.693Y22.375
tinyg GCODE[mm] ok> 
tinyg GCODE[mm] ok> X-21.877Y22.583
tinyg GCODE[mm] ok> 
tinyg GCODE[mm] ok> X-21.466Y22.681
tinyg GCODE[mm] ok> 
tinyg GCODE[mm] ok> X-21.053Y22.775
tinyg GCODE[mm] ok> 
tinyg GCODE[mm] ok> X-20.223Y22.949
tinyg GCODE[mm] ok> 
tinyg GCODE[mm] ok> X-19.809Y23.030
tinyg GCODE[mm] ok> 
tinyg GCODE[mm] ok> 
tinyg GCODE[mm] ok> 
tinyg GCODE[mm] ok> 
tinyg GCODE[mm] ok> ?
Units:           G21 - millimeter mode
Motion mode:     G1  - linear feed
Plane selection: G17 - XY plane
Distance mode:   G90 - absolute distance
Feed rate mode:  G94 - units per minute
Feed Rate:     240.000 mm \ min
Position X:    -15.838 mm
Position Y:     23.000 mm
Position Z:     -1.000 mm
Position A:      0.000 degrees
Position B:      0.000 degrees
Position C:      0.000 degrees
Offset I:        0.000 mm
Offset J:        0.000 mm
Offset K:        0.000 mm
Run state:       Running
tinyg GCODE[mm] ok> 
-----------------------------------------------
Date: 7/24/2011 - 2:20:13 PM
End log file
